<?xml version="1.0" encoding="UTF-8"?>
<!-- Generated by org.testng.reporters.JUnitReportReporter -->
<testsuite hostname="DESKTOP-F3C6V38" failures="0" tests="1" name="NotificationsTrainee" time="77.488" errors="0" timestamp="06 Jun 2021 16:52:01 GMT" skipped="0">
  <testcase classname="NotificationsTrainee" name="ListSentNotifications" time="77.488"/>
</testsuite> <!-- NotificationsTrainee -->
