<?xml version="1.0" encoding="UTF-8"?>
<!-- Generated by org.testng.reporters.JUnitReportReporter -->
<testsuite hostname="DESKTOP-F3C6V38" failures="0" tests="1" name="lmsActiveUsersDashboardGuestOne" time="297.245" errors="0" timestamp="26 May 2021 05:09:30 GMT" skipped="0">
  <testcase classname="lmsActiveUsersDashboardGuestOne" name="testlmsActiveUsersDashboard" time="297.245"/>
</testsuite> <!-- lmsActiveUsersDashboardGuestOne -->
