<?xml version="1.0" encoding="UTF-8"?>
<!-- Generated by org.testng.reporters.JUnitReportReporter -->
<testsuite hostname="DESKTOP-F3C6V38" failures="0" tests="1" name="TrainingModuleTrainer" time="1326.614" errors="0" timestamp="05 Aug 2021 14:02:56 GMT" skipped="0">
  <testcase classname="TrainingModuleTrainer" name="IsonLogin" time="1326.614"/>
</testsuite> <!-- TrainingModuleTrainer -->
