<?xml version="1.0" encoding="UTF-8"?>
<!-- Generated by org.testng.reporters.JUnitReportReporter -->
<testsuite hostname="DESKTOP-F3C6V38" failures="0" tests="1" name="lmsQuickAccessDashboardClient" time="91.713" errors="0" timestamp="11 Mar 2021 17:23:30 GMT" skipped="0">
  <testcase classname="lmsQuickAccessDashboardClient" name="testlmsQuickAccessDashboard" time="91.713"/>
</testsuite> <!-- lmsQuickAccessDashboardClient -->
