<?xml version="1.0" encoding="UTF-8"?>
<!-- Generated by org.testng.reporters.JUnitReportReporter -->
<testsuite hostname="DESKTOP-F3C6V38" failures="0" tests="1" name="listSentNotificationsRAdmin" time="81.819" errors="0" timestamp="06 Aug 2021 05:24:14 GMT" skipped="0">
  <testcase classname="listSentNotificationsRAdmin" name="ListSentNotifications" time="81.819"/>
</testsuite> <!-- listSentNotificationsRAdmin -->
