<?xml version="1.0" encoding="UTF-8"?>
<!-- Generated by org.testng.reporters.JUnitReportReporter -->
<testsuite hostname="DESKTOP-F3C6V38" failures="0" tests="1" name="CopyTrainingSDHead" time="611.372" errors="0" timestamp="12 Jul 2021 09:53:52 GMT" skipped="0">
  <testcase classname="CopyTrainingSDHead" name="SignIn" time="611.372"/>
</testsuite> <!-- CopyTrainingSDHead -->
