<?xml version="1.0" encoding="UTF-8"?>
<!-- Generated by org.testng.reporters.JUnitReportReporter -->
<testsuite hostname="DESKTOP-F3C6V38" failures="0" tests="1" name="globalInsightsDashboard" time="291.388" errors="0" timestamp="08 Apr 2021 12:07:54 GMT" skipped="0">
  <testcase classname="globalInsightsDashboard" name="testglobalInsightsDashboard" time="291.388"/>
</testsuite> <!-- globalInsightsDashboard -->
