<?xml version="1.0" encoding="UTF-8"?>
<!-- Generated by org.testng.reporters.JUnitReportReporter -->
<testsuite hostname="DESKTOP-F3C6V38" failures="0" tests="1" name="lmsQuickAccessDashboardSDHead" time="69.822" errors="0" timestamp="23 Jul 2021 11:07:08 GMT" skipped="0">
  <testcase classname="lmsQuickAccessDashboardSDHead" name="testlmsQuickAccessDashboard" time="69.822"/>
</testsuite> <!-- lmsQuickAccessDashboardSDHead -->
