<?xml version="1.0" encoding="UTF-8"?>
<!-- Generated by org.testng.reporters.JUnitReportReporter -->
<testsuite hostname="DESKTOP-F3C6V38" failures="0" tests="1" name="trainingOverviewDashboardTrainer" time="121.787" errors="0" timestamp="05 May 2021 18:30:44 GMT" skipped="0">
  <testcase classname="trainingOverviewDashboardTrainer" name="testtrainingOverviewDashboard" time="121.787"/>
</testsuite> <!-- trainingOverviewDashboardTrainer -->
