<?xml version="1.0" encoding="UTF-8"?>
<!-- Generated by org.testng.reporters.JUnitReportReporter -->
<testsuite hostname="DESKTOP-F3C6V38" failures="0" tests="1" name="TrainerTest" time="217.932" errors="0" timestamp="19 Jan 2021 08:26:35 GMT" skipped="0">
  <testcase classname="TrainerTest" name="testRegionAdmin" time="217.932"/>
</testsuite> <!-- TrainerTest -->
