<?xml version="1.0" encoding="UTF-8"?>
<!-- Generated by org.testng.reporters.JUnitReportReporter -->
<testsuite hostname="DESKTOP-F3C6V38" failures="0" tests="1" name="AssessmentModule" time="739.643" errors="0" timestamp="23 Aug 2021 07:07:52 GMT" skipped="0">
  <testcase classname="AssessmentModule" name="testAssessment" time="739.643"/>
</testsuite> <!-- AssessmentModule -->
