<?xml version="1.0" encoding="UTF-8"?>
<!-- Generated by org.testng.reporters.JUnitReportReporter -->
<testsuite hostname="DESKTOP-F3C6V38" failures="0" tests="1" name="importBulkUsersSDHead" time="101.989" errors="0" timestamp="09 Aug 2021 05:39:52 GMT" skipped="0">
  <testcase classname="importBulkUsersSDHead" name="testImportBulkusers" time="101.989"/>
</testsuite> <!-- importBulkUsersSDHead -->
