<?xml version="1.0" encoding="UTF-8"?>
<!-- Generated by org.testng.reporters.JUnitReportReporter -->
<testsuite hostname="DESKTOP-F3C6V38" failures="0" tests="1" name="TestClassRoomTrainingTrainer" time="838.459" errors="0" timestamp="12 Jul 2021 12:22:00 GMT" skipped="0">
  <testcase classname="TestClassRoomTrainingTrainer" name="ClassTraining" time="838.459"/>
</testsuite> <!-- TestClassRoomTrainingTrainer -->
