<?xml version="1.0" encoding="UTF-8"?>
<!-- Generated by org.testng.reporters.JUnitReportReporter -->
<testsuite hostname="DESKTOP-F3C6V38" failures="0" tests="4" name="isonLoginLogoutTest" time="731.603" errors="0" timestamp="12 Nov 2020 10:38:38 GMT" skipped="0">
  <testcase classname="isonLoginLogoutTest" name="testLoginScript" time="174.297"/>
  <testcase classname="isonLoginLogoutTest" name="testLoginScript" time="181.061"/>
  <testcase classname="isonLoginLogoutTest" name="testLoginScript" time="199.167"/>
  <testcase classname="isonLoginLogoutTest" name="testLoginScript" time="177.078"/>
</testsuite> <!-- isonLoginLogoutTest -->
