<?xml version="1.0" encoding="UTF-8"?>
<!-- Generated by org.testng.reporters.JUnitReportReporter -->
<testsuite hostname="DESKTOP-F3C6V38" failures="0" tests="1" name="deactivateActivateUserSDHead" time="188.367" errors="0" timestamp="13 May 2021 16:55:58 GMT" skipped="0">
  <testcase classname="deactivateActivateUserSDHead" name="testDeactivateActivateUser" time="188.367"/>
</testsuite> <!-- deactivateActivateUserSDHead -->
