<?xml version="1.0" encoding="UTF-8"?>
<!-- Generated by org.testng.reporters.JUnitReportReporter -->
<testsuite hostname="DESKTOP-F3C6V38" failures="0" tests="1" name="TrainingModuleRest" time="171.483" errors="0" timestamp="05 Mar 2021 07:26:28 GMT" skipped="0">
  <testcase classname="TrainingModuleRest" name="IsonLogin" time="171.483"/>
</testsuite> <!-- TrainingModuleRest -->
