<?xml version="1.0" encoding="UTF-8"?>
<!-- Generated by org.testng.reporters.JUnitReportReporter -->
<testsuite hostname="DESKTOP-F3C6V38" failures="0" tests="1" name="AdminSettings" time="120.897" errors="0" timestamp="09 Jul 2021 13:27:05 GMT" skipped="0">
  <testcase classname="AdminSettings" name="testEditUser" time="120.897"/>
</testsuite> <!-- AdminSettings -->
