<?xml version="1.0" encoding="UTF-8"?>
<!-- Generated by org.testng.reporters.JUnitReportReporter -->
<testsuite hostname="DESKTOP-F3C6V38" failures="0" tests="1" name="TrainingModule" time="1008.754" errors="0" timestamp="05 Aug 2021 11:58:55 GMT" skipped="0">
  <testcase classname="TrainingModule" name="IsonLogin" time="1008.754"/>
</testsuite> <!-- TrainingModule -->
