<?xml version="1.0" encoding="UTF-8"?>
<!-- Generated by org.testng.reporters.JUnitReportReporter -->
<testsuite hostname="DESKTOP-F3C6V38" failures="0" tests="1" name="GuestRoleTest" time="162.306" errors="0" timestamp="20 Jan 2021 06:37:54 GMT" skipped="0">
  <testcase classname="GuestRoleTest" name="testGuestRole" time="162.306"/>
</testsuite> <!-- GuestRoleTest -->
