<?xml version="1.0" encoding="UTF-8"?>
<!-- Generated by org.testng.reporters.JUnitReportReporter -->
<testsuite hostname="DESKTOP-F3C6V38" failures="0" tests="1" name="MYCertificate" time="207.843" errors="0" timestamp="10 May 2021 09:35:14 GMT" skipped="0">
  <testcase classname="MYCertificate" name="CertificateTwo" time="207.843"/>
</testsuite> <!-- MYCertificate -->
