<?xml version="1.0" encoding="UTF-8"?>
<!-- Generated by org.testng.reporters.JUnitReportReporter -->
<testsuite hostname="DESKTOP-F3C6V38" failures="0" tests="1" name="trainingOverviewDashboardRAdmin" time="86.176" errors="0" timestamp="11 Mar 2021 17:23:30 GMT" skipped="0">
  <testcase classname="trainingOverviewDashboardRAdmin" name="testtrainingOverviewDashboard" time="86.176"/>
</testsuite> <!-- trainingOverviewDashboardRAdmin -->
