<?xml version="1.0" encoding="UTF-8"?>
<!-- Generated by org.testng.reporters.JUnitReportReporter -->
<testsuite hostname="DESKTOP-F3C6V38" failures="0" tests="1" name="ClientRoleTest" time="230.607" errors="0" timestamp="20 Jan 2021 07:01:39 GMT" skipped="0">
  <testcase classname="ClientRoleTest" name="testClientRole" time="230.607"/>
</testsuite> <!-- ClientRoleTest -->
