<?xml version="1.0" encoding="UTF-8"?>
<!-- Generated by org.testng.reporters.JUnitReportReporter -->
<testsuite hostname="DESKTOP-F3C6V38" failures="0" tests="1" name="lmsQuickAccessDashboard" time="67.888" errors="0" timestamp="15 Jul 2021 10:03:22 GMT" skipped="0">
  <testcase classname="lmsQuickAccessDashboard" name="testlmsQuickAccessDashboard" time="67.888"/>
</testsuite> <!-- lmsQuickAccessDashboard -->
