<?xml version="1.0" encoding="UTF-8"?>
<!-- Generated by org.testng.reporters.JUnitReportReporter -->
<testsuite hostname="DESKTOP-F3C6V38" failures="0" tests="1" name="addEditDelLob" time="200.016" errors="0" timestamp="05 Aug 2021 07:30:08 GMT" skipped="0">
  <testcase classname="addEditDelLob" name="testAddEditDelLob" time="200.016"/>
</testsuite> <!-- addEditDelLob -->
