<?xml version="1.0" encoding="UTF-8"?>
<!-- Generated by org.testng.reporters.JUnitReportReporter -->
<testsuite hostname="DESKTOP-F3C6V38" failures="0" tests="1" name="TestClassRoomTrainingSDHead" time="1010.404" errors="0" timestamp="12 Jul 2021 10:27:24 GMT" skipped="0">
  <testcase classname="TestClassRoomTrainingSDHead" name="ClassTraining" time="1010.404"/>
</testsuite> <!-- TestClassRoomTrainingSDHead -->
