<?xml version="1.0" encoding="UTF-8"?>
<!-- Generated by org.testng.reporters.JUnitReportReporter -->
<testsuite hostname="DESKTOP-F3C6V38" failures="0" tests="1" name="myPollSurvey" time="135.043" errors="0" timestamp="22 Mar 2021 06:17:18 GMT" skipped="0">
  <testcase classname="myPollSurvey" name="testMyPollSurvey" time="135.043"/>
</testsuite> <!-- myPollSurvey -->
