<?xml version="1.0" encoding="UTF-8"?>
<!-- Generated by org.testng.reporters.JUnitReportReporter -->
<testsuite hostname="DESKTOP-F3C6V38" failures="0" tests="1" name="lmsActiveUsersDashboardSiteHead" time="286.509" errors="0" timestamp="02 Jun 2021 14:29:23 GMT" skipped="0">
  <testcase classname="lmsActiveUsersDashboardSiteHead" name="testlmsActiveUsersDashboard" time="286.509"/>
</testsuite> <!-- lmsActiveUsersDashboardSiteHead -->
