<?xml version="1.0" encoding="UTF-8"?>
<!-- Generated by org.testng.reporters.JUnitReportReporter -->
<testsuite hostname="DESKTOP-F3C6V38" failures="0" tests="1" name="manageProfilePicSDHead" time="59.179" errors="0" timestamp="13 May 2021 16:42:50 GMT" skipped="0">
  <testcase classname="manageProfilePicSDHead" name="testManageProfilepic" time="59.179"/>
</testsuite> <!-- manageProfilePicSDHead -->
