<?xml version="1.0" encoding="UTF-8"?>
<!-- Generated by org.testng.reporters.JUnitReportReporter -->
<testsuite hostname="DESKTOP-F3C6V38" failures="0" tests="1" name="Certificate" time="45.435" errors="0" timestamp="21 Jun 2021 14:56:07 GMT" skipped="0">
  <testcase classname="Certificate" name="GetCertificate" time="45.435"/>
</testsuite> <!-- Certificate -->
