<?xml version="1.0" encoding="UTF-8"?>
<!-- Generated by org.testng.reporters.JUnitReportReporter -->
<testsuite hostname="DESKTOP-F3C6V38" failures="0" tests="1" name="addEditDelCircle" time="250.629" errors="0" timestamp="05 Aug 2021 08:12:04 GMT" skipped="0">
  <testcase classname="addEditDelCircle" name="testAddEditDelCircle" time="250.629"/>
</testsuite> <!-- addEditDelCircle -->
