<?xml version="1.0" encoding="UTF-8"?>
<!-- Generated by org.testng.reporters.JUnitReportReporter -->
<testsuite hostname="DESKTOP-F3C6V38" failures="0" tests="1" name="manageProfilePic" time="220.532" errors="0" timestamp="30 Mar 2021 08:34:10 GMT" skipped="0">
  <testcase classname="manageProfilePic" name="testManageProfilepic" time="220.532"/>
</testsuite> <!-- manageProfilePic -->
