<?xml version="1.0" encoding="UTF-8"?>
<!-- Generated by org.testng.reporters.JUnitReportReporter -->
<testsuite hostname="DESKTOP-F3C6V38" failures="0" tests="1" name="addEditDelClient" time="151.518" errors="0" timestamp="05 Aug 2021 06:27:37 GMT" skipped="0">
  <testcase classname="addEditDelClient" name="testAddEditDelClient" time="151.518"/>
</testsuite> <!-- addEditDelClient -->
