<?xml version="1.0" encoding="UTF-8"?>
<!-- Generated by org.testng.reporters.JUnitReportReporter -->
<testsuite hostname="DESKTOP-F3C6V38" failures="0" tests="1" name="searchUsers" time="207.100" errors="0" timestamp="19 Jul 2021 10:34:17 GMT" skipped="0">
  <testcase classname="searchUsers" name="testSearchUsers" time="207.100"/>
</testsuite> <!-- searchUsers -->
