<?xml version="1.0" encoding="UTF-8"?>
<!-- Generated by org.testng.reporters.JUnitReportReporter -->
<testsuite hostname="DESKTOP-F3C6V38" failures="0" tests="1" name="ManageAttendance" time="138.808" errors="0" timestamp="15 Mar 2021 10:00:41 GMT" skipped="0">
  <testcase classname="ManageAttendance" name="testEditUser" time="138.808"/>
</testsuite> <!-- ManageAttendance -->
