<?xml version="1.0" encoding="UTF-8"?>
<!-- Generated by org.testng.reporters.JUnitReportReporter -->
<testsuite hostname="DESKTOP-F3C6V38" failures="0" tests="1" name="SearchUserClient" time="78.676" errors="0" timestamp="29 Jun 2021 01:12:53 GMT" skipped="0">
  <testcase classname="SearchUserClient" name="testManagePassword" time="78.676"/>
</testsuite> <!-- SearchUserClient -->
