<?xml version="1.0" encoding="UTF-8"?>
<!-- Generated by org.testng.reporters.JUnitReportReporter -->
<testsuite hostname="DESKTOP-F3C6V38" failures="0" tests="1" name="MYCertificateTrainer" time="194.133" errors="0" timestamp="10 May 2021 09:48:40 GMT" skipped="0">
  <testcase classname="MYCertificateTrainer" name="CertificateTwo" time="194.133"/>
</testsuite> <!-- MYCertificateTrainer -->
