<?xml version="1.0" encoding="UTF-8"?>
<!-- Generated by org.testng.reporters.JUnitReportReporter -->
<testsuite hostname="DESKTOP-F3C6V38" failures="0" tests="1" name="ConfigurationDemo.TestSeleniumBlog" time="0.012" errors="0" timestamp="11 May 2021 07:50:48 GMT" skipped="0">
  <testcase classname="ConfigurationDemo.TestSeleniumBlog" name="testConfig" time="0.012"/>
</testsuite> <!-- ConfigurationDemo.TestSeleniumBlog -->
