<?xml version="1.0" encoding="UTF-8"?>
<!-- Generated by org.testng.reporters.JUnitReportReporter -->
<testsuite hostname="DESKTOP-F3C6V38" failures="0" tests="1" name="testusersExport" time="140.969" errors="0" timestamp="16 Jan 2021 13:50:43 GMT" skipped="0">
  <testcase classname="testusersExport" name="testUsersexport" time="140.969"/>
</testsuite> <!-- testusersExport -->
