<?xml version="1.0" encoding="UTF-8"?>
<!-- Generated by org.testng.reporters.JUnitReportReporter -->
<testsuite hostname="DESKTOP-F3C6V38" failures="0" tests="1" name="managePasswordSDHead" time="208.216" errors="0" timestamp="31 Mar 2021 10:09:25 GMT" skipped="0">
  <testcase classname="managePasswordSDHead" name="testManagePassword" time="208.216"/>
</testsuite> <!-- managePasswordSDHead -->
