<?xml version="1.0" encoding="UTF-8"?>
<!-- Generated by org.testng.reporters.JUnitReportReporter -->
<testsuite hostname="DESKTOP-F3C6V38" failures="0" tests="1" name="sendNotifications" time="221.076" errors="0" timestamp="03 Aug 2021 05:51:55 GMT" skipped="0">
  <testcase classname="sendNotifications" name="testSendNotifications" time="221.076"/>
</testsuite> <!-- sendNotifications -->
