<?xml version="1.0" encoding="UTF-8"?>
<!-- Generated by org.testng.reporters.JUnitReportReporter -->
<testsuite hostname="DESKTOP-F3C6V38" failures="0" tests="1" name="EditTrainingSDHead" time="308.801" errors="0" timestamp="14 May 2021 07:55:46 GMT" skipped="0">
  <testcase classname="EditTrainingSDHead" name="SignIn" time="308.801"/>
</testsuite> <!-- EditTrainingSDHead -->
