<?xml version="1.0" encoding="UTF-8"?>
<!-- Generated by org.testng.reporters.JUnitReportReporter -->
<testsuite hostname="DESKTOP-F3C6V38" failures="0" tests="1" name="trainingOverviewDashboard" time="258.689" errors="0" timestamp="01 Jun 2021 03:34:21 GMT" skipped="0">
  <testcase classname="trainingOverviewDashboard" name="testtrainingOverviewDashboard" time="258.689"/>
</testsuite> <!-- trainingOverviewDashboard -->
