<?xml version="1.0" encoding="UTF-8"?>
<!-- Generated by org.testng.reporters.JUnitReportReporter -->
<testsuite hostname="DESKTOP-F3C6V38" failures="0" tests="1" name="usersExport" time="205.438" errors="0" timestamp="10 May 2021 09:44:51 GMT" skipped="0">
  <testcase classname="usersExport" name="testUsersexport" time="205.438"/>
</testsuite> <!-- usersExport -->
