<?xml version="1.0" encoding="UTF-8"?>
<!-- Generated by org.testng.reporters.JUnitReportReporter -->
<testsuite hostname="DESKTOP-F3C6V38" failures="0" tests="1" name="sendNotificationsRAdmin" time="141.455" errors="0" timestamp="03 Aug 2021 05:41:31 GMT" skipped="0">
  <testcase classname="sendNotificationsRAdmin" name="testSendNotifications" time="141.455"/>
</testsuite> <!-- sendNotificationsRAdmin -->
