<?xml version="1.0" encoding="UTF-8"?>
<!-- Generated by org.testng.reporters.JUnitReportReporter -->
<testsuite hostname="DESKTOP-F3C6V38" failures="0" tests="1" name="managePassword" time="172.481" errors="0" timestamp="11 May 2021 10:53:11 GMT" skipped="0">
  <testcase classname="managePassword" name="testManagePassword" time="172.481"/>
</testsuite> <!-- managePassword -->
