<?xml version="1.0" encoding="UTF-8"?>
<!-- Generated by org.testng.reporters.JUnitReportReporter -->
<testsuite hostname="DESKTOP-F3C6V38" failures="0" tests="1" name="editUser" time="67.542" errors="0" timestamp="29 Jun 2021 01:12:53 GMT" skipped="0">
  <testcase classname="editUser" name="testEditUser" time="67.542"/>
</testsuite> <!-- editUser -->
