<?xml version="1.0" encoding="UTF-8"?>
<!-- Generated by org.testng.reporters.JUnitReportReporter -->
<testsuite hostname="DESKTOP-F3C6V38" failures="0" tests="1" name="listSentNotificationsClient" time="107.181" errors="0" timestamp="06 Aug 2021 05:20:30 GMT" skipped="0">
  <testcase classname="listSentNotificationsClient" name="ListSentNotifications" time="107.181"/>
</testsuite> <!-- listSentNotificationsClient -->
