<?xml version="1.0" encoding="UTF-8"?>
<!-- Generated by org.testng.reporters.JUnitReportReporter -->
<testsuite hostname="DESKTOP-F3C6V38" failures="0" tests="1" name="TestClassRoomTrainingRAdmin" time="543.204" errors="0" timestamp="28 Apr 2021 05:06:09 GMT" skipped="0">
  <testcase classname="TestClassRoomTrainingRAdmin" name="ClassTraining" time="543.204"/>
</testsuite> <!-- TestClassRoomTrainingRAdmin -->
