<?xml version="1.0" encoding="UTF-8"?>
<!-- Generated by org.testng.reporters.JUnitReportReporter -->
<testsuite hostname="DESKTOP-F3C6V38" failures="0" tests="1" name="managePollSurvey" time="1256.033" errors="0" timestamp="05 Aug 2021 13:21:24 GMT" skipped="0">
  <testcase classname="managePollSurvey" name="testManagePollSurvey" time="1256.033"/>
</testsuite> <!-- managePollSurvey -->
