<?xml version="1.0" encoding="UTF-8"?>
<!-- Generated by org.testng.reporters.JUnitReportReporter -->
<testsuite hostname="DESKTOP-F3C6V38" failures="0" tests="3" name="myPollSurveyRest" time="541.814" errors="0" timestamp="04 Mar 2021 13:11:39 GMT" skipped="0">
  <testcase classname="myPollSurveyRest" name="testMyPollSurvey" time="180.949"/>
  <testcase classname="myPollSurveyRest" name="testMyPollSurvey" time="182.043"/>
  <testcase classname="myPollSurveyRest" name="testMyPollSurvey" time="178.822"/>
</testsuite> <!-- myPollSurveyRest -->
