<?xml version="1.0" encoding="UTF-8"?>
<!-- Generated by org.testng.reporters.JUnitReportReporter -->
<testsuite hostname="DESKTOP-F3C6V38" failures="0" tests="1" name="onlineTrainingsDashboard" time="275.941" errors="0" timestamp="26 May 2021 04:21:29 GMT" skipped="0">
  <testcase classname="onlineTrainingsDashboard" name="testonlineTrainingsDashboard" time="275.941"/>
</testsuite> <!-- onlineTrainingsDashboard -->
