<?xml version="1.0" encoding="UTF-8"?>
<!-- Generated by org.testng.reporters.JUnitReportReporter -->
<testsuite hostname="DESKTOP-F3C6V38" failures="0" tests="1" name="CopyTrainingTest" time="212.120" errors="0" timestamp="12 Apr 2021 10:30:24 GMT" skipped="0">
  <testcase classname="CopyTrainingTest" name="SignIn" time="212.120"/>
</testsuite> <!-- CopyTrainingTest -->
