<?xml version="1.0" encoding="UTF-8"?>
<!-- Generated by org.testng.reporters.JUnitReportReporter -->
<testsuite hostname="DESKTOP-F3C6V38" failures="0" tests="1" name="RegionAdminTest" time="175.456" errors="0" timestamp="19 Jan 2021 08:05:33 GMT" skipped="0">
  <testcase classname="RegionAdminTest" name="testRegionAdmin" time="175.456"/>
</testsuite> <!-- RegionAdminTest -->
