<?xml version="1.0" encoding="UTF-8"?>
<!-- Generated by org.testng.reporters.JUnitReportReporter -->
<testsuite hostname="DESKTOP-F3C6V38" failures="0" tests="1" name="EmailNotification" time="196.241" errors="0" timestamp="03 Aug 2021 10:35:08 GMT" skipped="0">
  <testcase classname="EmailNotification" name="testEditUser" time="196.241"/>
</testsuite> <!-- EmailNotification -->
