<?xml version="1.0" encoding="UTF-8"?>
<!-- Generated by org.testng.reporters.JUnitReportReporter -->
<testsuite hostname="DESKTOP-F3C6V38" failures="0" tests="1" name="TraineeTest" time="122.150" errors="0" timestamp="19 Jan 2021 09:22:37 GMT" skipped="0">
  <testcase classname="TraineeTest" name="testTrainee" time="122.150"/>
</testsuite> <!-- TraineeTest -->
