<?xml version="1.0" encoding="UTF-8"?>
<!-- Generated by org.testng.reporters.JUnitReportReporter -->
<testsuite hostname="DESKTOP-F3C6V38" failures="0" tests="1" name="UserProfile" time="260.108" errors="0" timestamp="30 Mar 2021 09:08:47 GMT" skipped="0">
  <testcase classname="UserProfile" name="Profile" time="260.108"/>
</testsuite> <!-- UserProfile -->
