<?xml version="1.0" encoding="UTF-8"?>
<!-- Generated by org.testng.reporters.JUnitReportReporter -->
<testsuite hostname="DESKTOP-F3C6V38" failures="0" tests="1" name="searchTraining" time="166.759" errors="0" timestamp="26 Aug 2021 05:46:02 GMT" skipped="0">
  <testcase classname="searchTraining" name="testSearchTraining" time="166.759"/>
</testsuite> <!-- searchTraining -->
