<?xml version="1.0" encoding="UTF-8"?>
<!-- Generated by org.testng.reporters.JUnitReportReporter -->
<testsuite hostname="DESKTOP-F3C6V38" failures="0" tests="1" name="PreviewTraining" time="261.237" errors="0" timestamp="29 Mar 2021 10:33:42 GMT" skipped="0">
  <testcase classname="PreviewTraining" name="SignIn" time="261.237"/>
</testsuite> <!-- PreviewTraining -->
