<?xml version="1.0" encoding="UTF-8"?>
<!-- Generated by org.testng.reporters.JUnitReportReporter -->
<testsuite hostname="DESKTOP-F3C6V38" failures="0" tests="1" name="listSentNotificationsSiteHead" time="82.680" errors="0" timestamp="26 Jul 2021 05:32:11 GMT" skipped="0">
  <testcase classname="listSentNotificationsSiteHead" name="ListSentNotifications" time="82.680"/>
</testsuite> <!-- listSentNotificationsSiteHead -->
