<?xml version="1.0" encoding="UTF-8"?>
<!-- Generated by org.testng.reporters.JUnitReportReporter -->
<testsuite hostname="DESKTOP-F3C6V38" failures="0" tests="1" name="SiteHeadTest" time="223.615" errors="0" timestamp="20 Jan 2021 07:34:17 GMT" skipped="0">
  <testcase classname="SiteHeadTest" name="testSiteHead" time="223.615"/>
</testsuite> <!-- SiteHeadTest -->
