<?xml version="1.0" encoding="UTF-8"?>
<!-- Generated by org.testng.reporters.JUnitReportReporter -->
<testsuite hostname="DESKTOP-F3C6V38" failures="0" tests="1" name="SDHeadTest" time="164.585" errors="0" timestamp="20 Jan 2021 11:23:43 GMT" skipped="0">
  <testcase classname="SDHeadTest" name="testSDHead" time="164.585"/>
</testsuite> <!-- SDHeadTest -->
