<?xml version="1.0" encoding="UTF-8"?>
<!-- Generated by org.testng.reporters.JUnitReportReporter -->
<testsuite hostname="DESKTOP-F3C6V38" failures="0" tests="1" name="manageProfilePicRAdmin" time="263.495" errors="0" timestamp="30 Mar 2021 09:01:01 GMT" skipped="0">
  <testcase classname="manageProfilePicRAdmin" name="testManageProfilepic" time="263.495"/>
</testsuite> <!-- manageProfilePicRAdmin -->
