<?xml version="1.0" encoding="UTF-8"?>
<!-- Generated by org.testng.reporters.JUnitReportReporter -->
<testsuite hostname="DESKTOP-F3C6V38" failures="0" tests="1" name="EditPoll" time="246.480" errors="0" timestamp="13 Jul 2021 07:40:06 GMT" skipped="0">
  <testcase classname="EditPoll" name="testEditPoll" time="246.480"/>
</testsuite> <!-- EditPoll -->
