<?xml version="1.0" encoding="UTF-8"?>
<!-- Generated by org.testng.reporters.JUnitReportReporter -->
<testsuite hostname="DESKTOP-F3C6V38" failures="0" tests="1" name="lmsActiveUsersDashboard" time="288.043" errors="0" timestamp="11 Jun 2021 12:09:19 GMT" skipped="0">
  <testcase classname="lmsActiveUsersDashboard" name="testlmsActiveUsersDashboard" time="288.043"/>
</testsuite> <!-- lmsActiveUsersDashboard -->
