<?xml version="1.0" encoding="UTF-8"?>
<!-- Generated by org.testng.reporters.JUnitReportReporter -->
<testsuite hostname="DESKTOP-F3C6V38" failures="0" tests="1" name="TrainingModuleSDHead" time="968.205" errors="0" timestamp="15 May 2021 10:40:43 GMT" skipped="0">
  <testcase classname="TrainingModuleSDHead" name="IsonLogin" time="968.205"/>
</testsuite> <!-- TrainingModuleSDHead -->
