<?xml version="1.0" encoding="UTF-8"?>
<!-- Generated by org.testng.reporters.JUnitReportReporter -->
<testsuite hostname="DESKTOP-F3C6V38" failures="0" tests="1" name="NotificationsTrainer" time="162.929" errors="0" timestamp="27 Jan 2021 06:20:34 GMT" skipped="0">
  <testcase classname="NotificationsTrainer" name="ListSentNotifications" time="162.929"/>
</testsuite> <!-- NotificationsTrainer -->
