<?xml version="1.0" encoding="UTF-8"?>
<!-- Generated by org.testng.reporters.JUnitReportReporter -->
<testsuite hostname="DESKTOP-F3C6V38" failures="0" tests="1" name="EditTrainingRAdmin" time="431.306" errors="0" timestamp="23 Apr 2021 05:02:42 GMT" skipped="0">
  <testcase classname="EditTrainingRAdmin" name="SignIn" time="431.306"/>
</testsuite> <!-- EditTrainingRAdmin -->
