<?xml version="1.0" encoding="UTF-8"?>
<!-- Generated by org.testng.reporters.JUnitReportReporter -->
<testsuite hostname="DESKTOP-F3C6V38" failures="0" tests="1" name="lmsActiveUsersDashboardRAdmin" time="298.459" errors="0" timestamp="05 May 2021 05:19:06 GMT" skipped="0">
  <testcase classname="lmsActiveUsersDashboardRAdmin" name="testlmsActiveUsersDashboard" time="298.459"/>
</testsuite> <!-- lmsActiveUsersDashboardRAdmin -->
