<?xml version="1.0" encoding="UTF-8"?>
<!-- Generated by org.testng.reporters.JUnitReportReporter -->
<testsuite hostname="DESKTOP-F3C6V38" failures="0" tests="1" name="sendNotificationsTrainer" time="163.199" errors="0" timestamp="03 Aug 2021 05:44:42 GMT" skipped="0">
  <testcase classname="sendNotificationsTrainer" name="testSendNotifications" time="163.199"/>
</testsuite> <!-- sendNotificationsTrainer -->
