<?xml version="1.0" encoding="UTF-8"?>
<!-- Generated by org.testng.reporters.JUnitReportReporter -->
<testsuite hostname="DESKTOP-F3C6V38" failures="0" tests="1" name="trainingOverviewDashboardSDHead" time="216.931" errors="0" timestamp="09 Apr 2021 08:34:40 GMT" skipped="0">
  <testcase classname="trainingOverviewDashboardSDHead" name="testtrainingOverviewDashboard" time="216.931"/>
</testsuite> <!-- trainingOverviewDashboardSDHead -->
