<?xml version="1.0" encoding="UTF-8"?>
<!-- Generated by org.testng.reporters.JUnitReportReporter -->
<testsuite hostname="DESKTOP-F3C6V38" failures="0" tests="1" name="EditTraining" time="387.685" errors="0" timestamp="05 May 2021 18:30:44 GMT" skipped="0">
  <testcase classname="EditTraining" name="SignIn" time="387.685"/>
</testsuite> <!-- EditTraining -->
