<?xml version="1.0" encoding="UTF-8"?>
<!-- Generated by org.testng.reporters.JUnitReportReporter -->
<testsuite hostname="DESKTOP-F3C6V38" failures="0" tests="1" name="addUserTrainer" time="182.249" errors="0" timestamp="02 Jun 2021 14:33:51 GMT" skipped="0">
  <testcase classname="addUserTrainer" name="testAddUser" time="182.249"/>
</testsuite> <!-- addUserTrainer -->
