<?xml version="1.0" encoding="UTF-8"?>
<!-- Generated by org.testng.reporters.JUnitReportReporter -->
<testsuite hostname="DESKTOP-F3C6V38" failures="0" tests="1" name="AssessmentNew" time="516.114" errors="0" timestamp="22 Jul 2021 11:43:10 GMT" skipped="0">
  <testcase classname="AssessmentNew" name="testNewAssessment" time="516.114"/>
</testsuite> <!-- AssessmentNew -->
