<?xml version="1.0" encoding="UTF-8"?>
<!-- Generated by org.testng.reporters.JUnitReportReporter -->
<testsuite hostname="DESKTOP-F3C6V38" failures="0" tests="1" name="addEditDelRegion" time="81.599" errors="0" timestamp="26 Jul 2021 05:35:03 GMT" skipped="0">
  <testcase classname="addEditDelRegion" name="testAddEditDelRegion" time="81.599"/>
</testsuite> <!-- addEditDelRegion -->
