<?xml version="1.0" encoding="UTF-8"?>
<!-- Generated by org.testng.reporters.JUnitReportReporter -->
<testsuite hostname="DESKTOP-F3C6V38" failures="0" tests="1" name="AssessmentModuleTrainer" time="709.636" errors="0" timestamp="18 Aug 2021 12:58:11 GMT" skipped="0">
  <testcase classname="AssessmentModuleTrainer" name="testAssessment" time="709.636"/>
</testsuite> <!-- AssessmentModuleTrainer -->
