<?xml version="1.0" encoding="UTF-8"?>
<!-- Generated by org.testng.reporters.JUnitReportReporter -->
<testsuite hostname="DESKTOP-F3C6V38" failures="0" tests="1" name="AssessmentModuleRAdmin" time="695.156" errors="0" timestamp="05 Aug 2021 05:51:52 GMT" skipped="0">
  <testcase classname="AssessmentModuleRAdmin" name="testAssessment" time="695.156"/>
</testsuite> <!-- AssessmentModuleRAdmin -->
