<?xml version="1.0" encoding="UTF-8"?>
<!-- Generated by org.testng.reporters.JUnitReportReporter -->
<testsuite hostname="DESKTOP-F3C6V38" failures="0" tests="1" name="receivedNotifications" time="80.123" errors="0" timestamp="04 Aug 2021 12:31:27 GMT" skipped="0">
  <testcase classname="receivedNotifications" name="testReceiveNotifications" time="80.123"/>
</testsuite> <!-- receivedNotifications -->
