<?xml version="1.0" encoding="UTF-8"?>
<!-- Generated by org.testng.reporters.JUnitReportReporter -->
<testsuite hostname="DESKTOP-F3C6V38" failures="0" tests="1" name="usersSort" time="222.159" errors="0" timestamp="29 Mar 2021 17:16:48 GMT" skipped="0">
  <testcase classname="usersSort" name="testusersSort" time="222.159"/>
</testsuite> <!-- usersSort -->
