<?xml version="1.0" encoding="UTF-8"?>
<!-- Generated by org.testng.reporters.JUnitReportReporter -->
<testsuite hostname="DESKTOP-F3C6V38" failures="0" tests="1" name="SdTeam" time="46.969" errors="0" timestamp="16 Jun 2021 09:46:30 GMT" skipped="0">
  <testcase classname="SdTeam" name="testEditUser" time="46.969"/>
</testsuite> <!-- SdTeam -->
