<?xml version="1.0" encoding="UTF-8"?>
<!-- Generated by org.testng.reporters.JUnitReportReporter -->
<testsuite hostname="DESKTOP-F3C6V38" failures="0" tests="1" name="deactivateActivateUserTrainer" time="210.631" errors="0" timestamp="15 May 2021 12:39:09 GMT" skipped="0">
  <testcase classname="deactivateActivateUserTrainer" name="testDeactivateActivateUser" time="210.631"/>
</testsuite> <!-- deactivateActivateUserTrainer -->
