<?xml version="1.0" encoding="UTF-8"?>
<!-- Generated by org.testng.reporters.JUnitReportReporter -->
<testsuite hostname="DESKTOP-F3C6V38" failures="0" tests="1" name="myCalendarDashboardRAdmin" time="258.753" errors="0" timestamp="14 May 2021 06:37:17 GMT" skipped="0">
  <testcase classname="myCalendarDashboardRAdmin" name="testmyCalendarDashboard" time="258.753"/>
</testsuite> <!-- myCalendarDashboardRAdmin -->
