<?xml version="1.0" encoding="UTF-8"?>
<!-- Generated by org.testng.reporters.JUnitReportReporter -->
<testsuite skipped="0" hostname="DESKTOP-F3C6V38" name="SiteHeadTest" tests="1" failures="0" timestamp="20 Jan 2021 07:49:57 GMT" time="207.189" errors="0">
  <testcase name="testSiteHead" time="207.189" classname="SiteHeadTest"/>
</testsuite> <!-- SiteHeadTest -->
