<?xml version="1.0" encoding="UTF-8"?>
<!-- Generated by org.testng.reporters.JUnitReportReporter -->
<testsuite skipped="0" hostname="DESKTOP-F3C6V38" name="ManageScoresRAdmin" tests="1" failures="0" timestamp="27 Mar 2021 12:01:42 GMT" time="257.099" errors="0">
  <testcase name="ScoreUpdate" time="257.099" classname="ManageScoresRAdmin"/>
</testsuite> <!-- ManageScoresRAdmin -->
