<?xml version="1.0" encoding="UTF-8"?>
<!-- Generated by org.testng.reporters.JUnitReportReporter -->
<testsuite skipped="0" hostname="DESKTOP-F3C6V38" name="SearchUserClient" tests="1" failures="0" timestamp="25 Aug 2021 21:57:03 GMT" time="88.694" errors="0">
  <testcase name="testManagePassword" time="88.694" classname="SearchUserClient"/>
</testsuite> <!-- SearchUserClient -->
