<?xml version="1.0" encoding="UTF-8"?>
<!-- Generated by org.testng.reporters.JUnitReportReporter -->
<testsuite skipped="0" hostname="DESKTOP-F3C6V38" name="AssessmentModule" tests="1" failures="0" timestamp="26 Aug 2021 06:55:54 GMT" time="743.319" errors="0">
  <testcase name="testAssessment" time="743.319" classname="AssessmentModule"/>
</testsuite> <!-- AssessmentModule -->
