<?xml version="1.0" encoding="UTF-8"?>
<!-- Generated by org.testng.reporters.JUnitReportReporter -->
<testsuite skipped="0" hostname="DESKTOP-F3C6V38" name="TrainingModuleSiteHead" tests="1" failures="0" timestamp="25 Aug 2021 21:57:03 GMT" time="68.533" errors="0">
  <testcase name="IsonLogin" time="68.533" classname="TrainingModuleSiteHead"/>
</testsuite> <!-- TrainingModuleSiteHead -->
