<?xml version="1.0" encoding="UTF-8"?>
<!-- Generated by org.testng.reporters.JUnitReportReporter -->
<testsuite skipped="0" hostname="DESKTOP-F3C6V38" name="receivedNotifications" tests="1" failures="0" timestamp="25 Aug 2021 21:57:03 GMT" time="93.565" errors="0">
  <testcase name="testReceiveNotifications" time="93.565" classname="receivedNotifications"/>
</testsuite> <!-- receivedNotifications -->
