<?xml version="1.0" encoding="UTF-8"?>
<!-- Generated by org.testng.reporters.JUnitReportReporter -->
<testsuite skipped="0" hostname="DESKTOP-F3C6V38" name="updateBulkUsers" tests="1" failures="0" timestamp="31 Dec 2020 07:39:00 GMT" time="243.218" errors="0">
  <testcase name="testUpdateBulkusers" time="243.218" classname="updateBulkUsers"/>
</testsuite> <!-- updateBulkUsers -->
