<?xml version="1.0" encoding="UTF-8"?>
<!-- Generated by org.testng.reporters.JUnitReportReporter -->
<testsuite skipped="0" hostname="DESKTOP-F3C6V38" name="TrainingModuleRest" tests="3" failures="0" timestamp="05 Mar 2021 20:25:50 GMT" time="530.149" errors="0">
  <testcase name="SearchTrainingeEst" time="170.998" classname="TrainingModuleRest"/>
  <testcase name="SearchTrainingeEst" time="174.632" classname="TrainingModuleRest"/>
  <testcase name="SearchTrainingeEst" time="184.519" classname="TrainingModuleRest"/>
</testsuite> <!-- TrainingModuleRest -->
