<?xml version="1.0" encoding="UTF-8"?>
<!-- Generated by org.testng.reporters.JUnitReportReporter -->
<testsuite skipped="0" hostname="DESKTOP-F3C6V38" name="EditAssessment" tests="1" failures="0" timestamp="06 Jul 2021 12:17:44 GMT" time="93.013" errors="0">
  <testcase name="testEditUser" time="93.013" classname="EditAssessment"/>
</testsuite> <!-- EditAssessment -->
