<?xml version="1.0" encoding="UTF-8"?>
<!-- Generated by org.testng.reporters.JUnitReportReporter -->
<testsuite skipped="0" hostname="DESKTOP-F3C6V38" name="onlineTrainingsDashboardRAdmin" tests="1" failures="0" timestamp="25 Aug 2021 21:57:03 GMT" time="259.567" errors="0">
  <testcase name="testonlineTrainingsDashboard" time="259.567" classname="onlineTrainingsDashboardRAdmin"/>
</testsuite> <!-- onlineTrainingsDashboardRAdmin -->
