<?xml version="1.0" encoding="UTF-8"?>
<!-- Generated by org.testng.reporters.JUnitReportReporter -->
<testsuite skipped="0" hostname="DESKTOP-F3C6V38" name="addEditDelSite" tests="1" failures="0" timestamp="25 Aug 2021 21:57:03 GMT" time="162.082" errors="0">
  <testcase name="testAddEditDelSite" time="162.082" classname="addEditDelSite"/>
</testsuite> <!-- addEditDelSite -->
