<?xml version="1.0" encoding="UTF-8"?>
<!-- Generated by org.testng.reporters.JUnitReportReporter -->
<testsuite skipped="0" hostname="DESKTOP-F3C6V38" name="isonLogin" tests="4" failures="0" timestamp="25 Aug 2021 21:57:03 GMT" time="259.047" errors="0">
  <testcase name="testLoginScript" time="61.630" classname="isonLogin"/>
  <testcase name="testLoginScript" time="73.945" classname="isonLogin"/>
  <testcase name="testLoginScript" time="61.853" classname="isonLogin"/>
  <testcase name="testLoginScript" time="61.619" classname="isonLogin"/>
</testsuite> <!-- isonLogin -->
