<?xml version="1.0" encoding="UTF-8"?>
<!-- Generated by org.testng.reporters.JUnitReportReporter -->
<testsuite skipped="0" hostname="DESKTOP-F3C6V38" name="NotificationsRest" tests="4" failures="0" timestamp="05 Mar 2021 20:25:50 GMT" time="800.298" errors="0">
  <testcase name="TestNotificationsRest" time="203.320" classname="NotificationsRest"/>
  <testcase name="TestNotificationsRest" time="209.637" classname="NotificationsRest"/>
  <testcase name="TestNotificationsRest" time="182.775" classname="NotificationsRest"/>
  <testcase name="TestNotificationsRest" time="204.566" classname="NotificationsRest"/>
</testsuite> <!-- NotificationsRest -->
