<?xml version="1.0" encoding="UTF-8"?>
<!-- Generated by org.testng.reporters.JUnitReportReporter -->
<testsuite skipped="0" hostname="DESKTOP-F3C6V38" name="CopyTrainingTrainer" tests="1" failures="0" timestamp="03 Aug 2021 09:30:30 GMT" time="671.895" errors="0">
  <testcase name="SignIn" time="671.895" classname="CopyTrainingTrainer"/>
</testsuite> <!-- CopyTrainingTrainer -->
