<?xml version="1.0" encoding="UTF-8"?>
<!-- Generated by org.testng.reporters.JUnitReportReporter -->
<testsuite skipped="0" hostname="DESKTOP-F3C6V38" name="ClientRoleTest" tests="1" failures="0" timestamp="20 Jan 2021 17:39:18 GMT" time="245.588" errors="0">
  <testcase name="testClientRole" time="245.588" classname="ClientRoleTest"/>
</testsuite> <!-- ClientRoleTest -->
