<?xml version="1.0" encoding="UTF-8"?>
<!-- Generated by org.testng.reporters.JUnitReportReporter -->
<testsuite skipped="0" hostname="DESKTOP-F3C6V38" name="SearchUserRest" tests="3" failures="0" timestamp="05 Mar 2021 20:25:50 GMT" time="617.901" errors="0">
  <testcase name="SearchUsersREST" time="199.765" classname="SearchUserRest"/>
  <testcase name="SearchUsersREST" time="209.056" classname="SearchUserRest"/>
  <testcase name="SearchUsersREST" time="209.080" classname="SearchUserRest"/>
</testsuite> <!-- SearchUserRest -->
