<?xml version="1.0" encoding="UTF-8"?>
<!-- Generated by org.testng.reporters.JUnitReportReporter -->
<testsuite skipped="0" hostname="DESKTOP-F3C6V38" name="trainingOverviewDashboardSiteHead" tests="1" failures="0" timestamp="26 Aug 2021 06:55:54 GMT" time="32.819" errors="0">
  <testcase name="testtrainingOverviewDashboard" time="32.819" classname="trainingOverviewDashboardSiteHead"/>
</testsuite> <!-- trainingOverviewDashboardSiteHead -->
