<?xml version="1.0" encoding="UTF-8"?>
<!-- Generated by org.testng.reporters.JUnitReportReporter -->
<testsuite skipped="0" hostname="DESKTOP-F3C6V38" name="sendNotificationsSDHead" tests="1" failures="0" timestamp="25 Aug 2021 21:57:03 GMT" time="163.375" errors="0">
  <testcase name="testSendNotifications" time="163.375" classname="sendNotificationsSDHead"/>
</testsuite> <!-- sendNotificationsSDHead -->
