<?xml version="1.0" encoding="UTF-8"?>
<!-- Generated by org.testng.reporters.JUnitReportReporter -->
<testsuite skipped="0" hostname="DESKTOP-F3C6V38" name="GuestRoleTest" tests="1" failures="0" timestamp="20 Jan 2021 17:39:18 GMT" time="175.182" errors="0">
  <testcase name="testGuestRole" time="175.182" classname="GuestRoleTest"/>
</testsuite> <!-- GuestRoleTest -->
